<?xml version="1.0" encoding="UTF-8"?>
<testsuite xmlns:xsi="http://www.w3.org/2001/XMLSchema-instance" xsi:noNamespaceSchemaLocation="https://maven.apache.org/surefire/maven-surefire-plugin/xsd/surefire-test-report-3.0.xsd" version="3.0" name="clinic.programming.training.ApplicationTest" time="0.199" tests="5" errors="0" skipped="1" failures="0">
  <properties>
[...]
</properties>
  <testcase name="testWordCountSingle" classname="clinic.programming.training.ApplicationTest" time="0.034">
    <system-out><![CDATA[Inside Application
]]></system-out>
  </testcase>
  <testcase name="testWordCountString" classname="clinic.programming.training.ApplicationTest" time="0.001">
    <system-out><![CDATA[Inside Application
]]></system-out>
  </testcase>
  <testcase name="testWordCountEmpty" classname="clinic.programming.training.ApplicationTest" time="0.012">
    <system-out><![CDATA[Inside Application
]]></system-out>
  </testcase>
  <testcase name="testWordCountMore" classname="clinic.programming.training.ApplicationTest" time="0.0">
    <skipped/>
  </testcase>
  <testcase name="testWordCountNull" classname="clinic.programming.training.ApplicationTest" time="0.001">
    <system-out><![CDATA[Inside Application
]]></system-out>
  </testcase>
</testsuite>